2021-02-10 03:04:53 +0000 [MT] Initial pipeline context: <IDEDistributionProcessingPipelineContext: 0x7f8f8c710aa0; archive(resolved)='<IDEArchive: 0x7f8f8e6d6c40>', distributionTask(resolved)='2', distributionDestination(resolved)='1', distributionMethod(resolved)='<IDEDistributionMethodDeveloperID: 0x7f8f915ce8f0>', team(resolved)='<IDEProvisioningBasicTeam: 0x7f8f9164c4b0; teamID='2HFBY6N8ZN', teamName='(null)'>'>
	Chain (10, self inclusive):
	<IDEDistributionProcessingPipelineContext: 0x7f8f8c710aa0; archive = '<IDEArchive: 0x7f8f8e6d6c40>', distributionMethod='<IDEDistributionMethodDeveloperID: 0x7f8f915ce8f0>', team='<IDEProvisioningBasicTeam: 0x7f8f9164c4b0; teamID='2HFBY6N8ZN', teamName='(null)'>'>
	<IDEDistributionProcessingPipelineContext: 0x7f8f915f0cb0; archive = '<IDEArchive: 0x7f8f8e6d6c40>', distributionMethod='<IDEDistributionMethodDeveloperID: 0x7f8f915ce8f0>', team='<IDEProvisioningBasicTeam: 0x7f8f9164c4b0; teamID='2HFBY6N8ZN', teamName='(null)'>'>
	<IDEDistributionContext: 0x7f8f8c70f8d0; archive = '<IDEArchive: 0x7f8f8e6d6c40>', distributionMethod='<IDEDistributionMethodDeveloperID: 0x7f8f915ce8f0>', team='<IDEProvisioningBasicTeam: 0x7f8f9164c4b0; teamID='2HFBY6N8ZN', teamName='(null)'>'>
	<IDEDistributionContext: 0x7f8f8c70ba90; archive = '<IDEArchive: 0x7f8f8e6d6c40>', distributionMethod='<IDEDistributionMethodDeveloperID: 0x7f8f915ce8f0>', team='<IDEProvisioningBasicTeam: 0x7f8f9164c4b0; teamID='2HFBY6N8ZN', teamName='(null)'>'>
	<IDEDistributionContext: 0x7f8f8c70a460; archive = '<IDEArchive: 0x7f8f8e6d6c40>', distributionMethod='<IDEDistributionMethodDeveloperID: 0x7f8f915ce8f0>', team='<IDEProvisioningBasicTeam: 0x7f8f9164c4b0; teamID='2HFBY6N8ZN', teamName='(null)'>'>
	<IDEDistributionContext: 0x7f8f8e6f9340; archive = '<IDEArchive: 0x7f8f8e6d6c40>', distributionMethod='<IDEDistributionMethodDeveloperID: 0x7f8f915ce8f0>', team='<IDEProvisioningBasicTeam: 0x7f8f9164c4b0; teamID='2HFBY6N8ZN', teamName='(null)'>'>
	<IDEDistributionContext: 0x7f8f8c7093a0; archive = '<IDEArchive: 0x7f8f8e6d6c40>', distributionMethod='<IDEDistributionMethodDeveloperID: 0x7f8f915ce8f0>', team='<IDEProvisioningBasicTeam: 0x7f8f9164c4b0; teamID='2HFBY6N8ZN', teamName='(null)'>'>
	<IDEDistributionContext: 0x7f8f8e6f5fe0; archive = '<IDEArchive: 0x7f8f8e6d6c40>', distributionMethod='<IDEDistributionMethodDeveloperID: 0x7f8f915ce8f0>', team='<IDEProvisioningBasicTeam: 0x7f8f9164c4b0; teamID='2HFBY6N8ZN', teamName='(null)'>'>
	<IDEDistributionContext: 0x7f8f91631540; archive = '<IDEArchive: 0x7f8f8e6d6c40>', distributionMethod='<IDEDistributionMethodDeveloperID: 0x7f8f915ce8f0>', team='(null)'>
	<IDEDistributionContext: 0x7f8f8e6d7400; archive = '<IDEArchive: 0x7f8f8e6d6c40>', distributionMethod='(null)', team='(null)'>
</IDEDistributionProcessingPipelineContext: 0x7f8f8c710aa0>
2021-02-10 03:04:53 +0000 [MT] Processing step: IDEDistributionCreateDestRootStep
2021-02-10 03:04:53 +0000 [MT] Processing step: IDEDistributionCopyItemStep
2021-02-10 03:04:53 +0000 [MT] Running /usr/bin/ditto '-V' '/opt/src/github/parquette/parquette/Parquette.xcarchive/Products/Applications/Parquette.app' '/var/folders/f8/91ygcnx16fb5yldgcmns99q00000gn/T/XcodeDistPipeline.~~~gl5r9N/Root/Applications/Parquette.app'
2021-02-10 03:04:53 +0000  >>> Copying /opt/src/github/parquette/parquette/Parquette.xcarchive/Products/Applications/Parquette.app 
2021-02-10 03:04:53 +0000  copying file ./Contents/_CodeSignature/CodeResources ... 
2021-02-10 03:04:53 +0000  2697 bytes for ./Contents/_CodeSignature/CodeResources
2021-02-10 03:04:53 +0000  copying file ./Contents/MacOS/Parquette ... 
2021-02-10 03:04:53 +0000  536544 bytes for ./Contents/MacOS/Parquette
2021-02-10 03:04:53 +0000  copying symlink ./Contents/Frameworks/SwiftArrow.framework/Resources ... 
2021-02-10 03:04:53 +0000  linked ./Contents/Frameworks/SwiftArrow.framework/Resources
2021-02-10 03:04:53 +0000  copying file ./Contents/Frameworks/SwiftArrow.framework/Versions/A/_CodeSignature/CodeResources ... 
2021-02-10 03:04:53 +0000  2680 bytes for ./Contents/Frameworks/SwiftArrow.framework/Versions/A/_CodeSignature/CodeResources
2021-02-10 03:04:53 +0000  copying file ./Contents/Frameworks/SwiftArrow.framework/Versions/A/Resources/buildarcolyte.sh ... 
2021-02-10 03:04:53 +0000  2636 bytes for ./Contents/Frameworks/SwiftArrow.framework/Versions/A/Resources/buildarcolyte.sh
2021-02-10 03:04:53 +0000  copying file ./Contents/Frameworks/SwiftArrow.framework/Versions/A/Resources/Info.plist ... 
2021-02-10 03:04:53 +0000  1282 bytes for ./Contents/Frameworks/SwiftArrow.framework/Versions/A/Resources/Info.plist
2021-02-10 03:04:53 +0000  copying file ./Contents/Frameworks/SwiftArrow.framework/Versions/A/SwiftArrow ... 
2021-02-10 03:04:53 +0000  42982160 bytes for ./Contents/Frameworks/SwiftArrow.framework/Versions/A/SwiftArrow
2021-02-10 03:04:53 +0000  copying symlink ./Contents/Frameworks/SwiftArrow.framework/Versions/Current ... 
linked ./Contents/Frameworks/SwiftArrow.framework/Versions/Current
copying symlink ./Contents/Frameworks/SwiftArrow.framework/SwiftArrow ... 
linked ./Contents/Frameworks/SwiftArrow.framework/SwiftArrow
copying file ./Contents/Info.plist ... 
3227 bytes for ./Contents/Info.plist
copying file ./Contents/PkgInfo ... 
8 bytes for ./Contents/PkgInfo
2021-02-10 03:04:53 +0000 [MT] /usr/bin/ditto exited with 0
2021-02-10 03:04:53 +0000 [MT] Processing step: IDEDistributionEmbedProfileStep
2021-02-10 03:04:53 +0000 [MT] Skipping profile for item: <IDEDistributionItem: 0x7f8f916e1350; bundleID='io.glimpse.SwiftArrow', path='<DVTFilePath:0x7f8f9164c2a0:'/opt/src/github/parquette/parquette/Parquette.xcarchive/Products/Applications/Parquette.app/Contents/Frameworks/SwiftArrow.framework/Versions/A'>', codeSigningInfo='<_DVTCodeSigningInformation_Path: 0x7f8f915e1890; isSigned='1', isAdHocSigned='0', signingCertificate='<DVTSigningCertificate: 0x7f8f915ed1d0; name='Developer ID Application: Glimpse I/O, Inc (2HFBY6N8ZN)', hash='9C2B996CF5BAC834CADF7BB5DC4CAE26A3862108', serialNumber='<DVTSigningCertificateSerialNumber: 0x7f8f915ed300>', certificateKinds='(
    "1.2.840.113635.100.6.1.13"
), issueDate='2020-02-19 19:47:12 +0000''>', entitlements='(null)', teamID='2HFBY6N8ZN', identifier='io.glimpse.SwiftArrow', executablePath='<DVTFilePath:0x7f8f91652570:'/opt/src/github/parquette/parquette/Parquette.xcarchive/Products/Applications/Parquette.app/Contents/Frameworks/SwiftArrow.framework/Versions/A/SwiftArrow'>', hardenedRuntime='1'>'>
2021-02-10 03:04:53 +0000 [MT] Skipping profile for item: <IDEDistributionItem: 0x7f8f915d7260; bundleID='net.parquette.Parquette', path='<DVTFilePath:0x7f8f8e6d6800:'/opt/src/github/parquette/parquette/Parquette.xcarchive/Products/Applications/Parquette.app'>', codeSigningInfo='<_DVTCodeSigningInformation_Path: 0x7f8f915e2720; isSigned='1', isAdHocSigned='0', signingCertificate='<DVTSigningCertificate: 0x7f8f8e6d7590; name='Developer ID Application: Glimpse I/O, Inc (2HFBY6N8ZN)', hash='9C2B996CF5BAC834CADF7BB5DC4CAE26A3862108', serialNumber='<DVTSigningCertificateSerialNumber: 0x7f8f8e6f35e0>', certificateKinds='(
    "1.2.840.113635.100.6.1.13"
), issueDate='2020-02-19 19:47:12 +0000''>', entitlements='{
    "com.apple.security.automation.apple-events" = 1;
    "com.apple.security.cs.allow-dyld-environment-variables" = 1;
    "com.apple.security.cs.allow-jit" = 1;
    "com.apple.security.cs.allow-unsigned-executable-memory" = 1;
    "com.apple.security.cs.debugger" = 1;
    "com.apple.security.cs.disable-executable-page-protection" = 1;
    "com.apple.security.cs.disable-library-validation" = 1;
    "com.apple.security.device.audio-input" = 1;
    "com.apple.security.device.camera" = 1;
    "com.apple.security.personal-information.addressbook" = 1;
    "com.apple.security.personal-information.calendars" = 1;
    "com.apple.security.personal-information.location" = 1;
    "com.apple.security.personal-information.photos-library" = 1;
}', teamID='2HFBY6N8ZN', identifier='net.parquette.Parquette', executablePath='<DVTFilePath:0x7f8f91644750:'/opt/src/github/parquette/parquette/Parquette.xcarchive/Products/Applications/Parquette.app/Contents/MacOS/Parquette'>', hardenedRuntime='1'>'>
2021-02-10 03:04:53 +0000 [MT] Processing step: IDEDistributionInfoPlistStep
2021-02-10 03:04:53 +0000 [MT] Skipping step: IDEDistributionInfoPlistStep because it said so
2021-02-10 03:04:53 +0000 [MT] Skipping step: IDEDistributionInfoPlistStep because it said so
2021-02-10 03:04:53 +0000 [MT] Processing step: IDEDistributionAppThinningPlistStep
2021-02-10 03:04:53 +0000 [MT] Processing step: IDEDistributionCompileBitcodeStep
2021-02-10 03:04:53 +0000 [MT] Skipping step: IDEDistributionCompileBitcodeStep because it said so
2021-02-10 03:04:53 +0000 [MT] Processing step: IDEDistributionCodeSlimmingStep
2021-02-10 03:04:53 +0000 [MT] Processing step: IDEDistributionCopyBCSymbolMapsStep
2021-02-10 03:04:53 +0000 [MT] Skipping step: IDEDistributionCopyBCSymbolMapsStep because it said so
2021-02-10 03:04:53 +0000 [MT] Skipping step: IDEDistributionCopyBCSymbolMapsStep because it said so
2021-02-10 03:04:53 +0000 [MT] Processing step: IDEDistributionSymbolsStep
2021-02-10 03:04:53 +0000 [MT] Skipping step: IDEDistributionSymbolsStep because it said so
2021-02-10 03:04:53 +0000 [MT] Skipping step: IDEDistributionSymbolsStep because it said so
2021-02-10 03:04:53 +0000 [MT] Processing step: IDEDistributionAppThinningStep
2021-02-10 03:04:53 +0000 [MT] Skipping step: IDEDistributionAppThinningStep because it said so
2021-02-10 03:04:53 +0000 [MT] Processing step: IDEDistributionArchThinningStep
2021-02-10 03:04:53 +0000 [MT] Running /Applications/Xcode.app/Contents/Developer/Toolchains/XcodeDefault.xctoolchain/usr/bin/lipo '/var/folders/f8/91ygcnx16fb5yldgcmns99q00000gn/T/XcodeDistPipeline.~~~gl5r9N/Root/Applications/Parquette.app/Contents/Frameworks/SwiftArrow.framework/Versions/A/SwiftArrow' '-verify_arch' 'arm64e'
2021-02-10 03:04:53 +0000 [MT] /Applications/Xcode.app/Contents/Developer/Toolchains/XcodeDefault.xctoolchain/usr/bin/lipo exited with 1
2021-02-10 03:04:53 +0000 [MT] Skipping architecture thinning for item "SwiftArrow" because arch "arm64e" wasn't found
2021-02-10 03:04:53 +0000 [MT] Running /Applications/Xcode.app/Contents/Developer/Toolchains/XcodeDefault.xctoolchain/usr/bin/lipo '/var/folders/f8/91ygcnx16fb5yldgcmns99q00000gn/T/XcodeDistPipeline.~~~gl5r9N/Root/Applications/Parquette.app/Contents/MacOS/Parquette' '-verify_arch' 'arm64e'
2021-02-10 03:04:53 +0000 [MT] /Applications/Xcode.app/Contents/Developer/Toolchains/XcodeDefault.xctoolchain/usr/bin/lipo exited with 1
2021-02-10 03:04:53 +0000 [MT] Skipping architecture thinning for item "Parquette" because arch "arm64e" wasn't found
2021-02-10 03:04:53 +0000 [MT] Processing step: IDEDistributionODRStep
2021-02-10 03:04:54 +0000 [MT] Processing step: IDEDistributionStripXattrsStep
2021-02-10 03:04:54 +0000 [MT] Skipping stripping extended attributes of item: <IDEDistributionItem: 0x7f8f916e1350; bundleID='io.glimpse.SwiftArrow', path='<DVTFilePath:0x7f8f9164c2a0:'/opt/src/github/parquette/parquette/Parquette.xcarchive/Products/Applications/Parquette.app/Contents/Frameworks/SwiftArrow.framework/Versions/A'>', codeSigningInfo='<_DVTCodeSigningInformation_Path: 0x7f8f915e1890; isSigned='1', isAdHocSigned='0', signingCertificate='<DVTSigningCertificate: 0x7f8f8e7c48d0; name='Developer ID Application: Glimpse I/O, Inc (2HFBY6N8ZN)', hash='9C2B996CF5BAC834CADF7BB5DC4CAE26A3862108', serialNumber='<DVTSigningCertificateSerialNumber: 0x7f8f8c5c6860>', certificateKinds='(
    "1.2.840.113635.100.6.1.13"
), issueDate='2020-02-19 19:47:12 +0000''>', entitlements='(null)', teamID='2HFBY6N8ZN', identifier='io.glimpse.SwiftArrow', executablePath='<DVTFilePath:0x7f8f91652570:'/opt/src/github/parquette/parquette/Parquette.xcarchive/Products/Applications/Parquette.app/Contents/Frameworks/SwiftArrow.framework/Versions/A/SwiftArrow'>', hardenedRuntime='1'>'>
2021-02-10 03:04:54 +0000 [MT] Running /usr/bin/xattr '-crs' '/var/folders/f8/91ygcnx16fb5yldgcmns99q00000gn/T/XcodeDistPipeline.~~~gl5r9N/Root/Applications/Parquette.app'
2021-02-10 03:04:54 +0000 [MT] /usr/bin/xattr exited with 0
2021-02-10 03:04:54 +0000 [MT] Processing step: IDEDistributionCodesignStep
2021-02-10 03:04:54 +0000 [MT] Entitlements for <IDEDistributionItem: 0x7f8f916e1350; bundleID='io.glimpse.SwiftArrow', path='<DVTFilePath:0x7f8f9164c2a0:'/opt/src/github/parquette/parquette/Parquette.xcarchive/Products/Applications/Parquette.app/Contents/Frameworks/SwiftArrow.framework/Versions/A'>', codeSigningInfo='<_DVTCodeSigningInformation_Path: 0x7f8f915e1890; isSigned='1', isAdHocSigned='0', signingCertificate='<DVTSigningCertificate: 0x7f8f8e78a290; name='Developer ID Application: Glimpse I/O, Inc (2HFBY6N8ZN)', hash='9C2B996CF5BAC834CADF7BB5DC4CAE26A3862108', serialNumber='<DVTSigningCertificateSerialNumber: 0x7f8f8c5b4a30>', certificateKinds='(
    "1.2.840.113635.100.6.1.13"
), issueDate='2020-02-19 19:47:12 +0000''>', entitlements='(null)', teamID='2HFBY6N8ZN', identifier='io.glimpse.SwiftArrow', executablePath='<DVTFilePath:0x7f8f91652570:'/opt/src/github/parquette/parquette/Parquette.xcarchive/Products/Applications/Parquette.app/Contents/Frameworks/SwiftArrow.framework/Versions/A/SwiftArrow'>', hardenedRuntime='1'>'>: {
}
2021-02-10 03:04:54 +0000 [MT] Entitlements for <IDEDistributionItem: 0x7f8f916e1350; bundleID='io.glimpse.SwiftArrow', path='<DVTFilePath:0x7f8f9164c2a0:'/opt/src/github/parquette/parquette/Parquette.xcarchive/Products/Applications/Parquette.app/Contents/Frameworks/SwiftArrow.framework/Versions/A'>', codeSigningInfo='<_DVTCodeSigningInformation_Path: 0x7f8f915e1890; isSigned='1', isAdHocSigned='0', signingCertificate='<DVTSigningCertificate: 0x7f8f915fa6c0; name='Developer ID Application: Glimpse I/O, Inc (2HFBY6N8ZN)', hash='9C2B996CF5BAC834CADF7BB5DC4CAE26A3862108', serialNumber='<DVTSigningCertificateSerialNumber: 0x7f8f915fa820>', certificateKinds='(
    "1.2.840.113635.100.6.1.13"
), issueDate='2020-02-19 19:47:12 +0000''>', entitlements='(null)', teamID='2HFBY6N8ZN', identifier='io.glimpse.SwiftArrow', executablePath='<DVTFilePath:0x7f8f91652570:'/opt/src/github/parquette/parquette/Parquette.xcarchive/Products/Applications/Parquette.app/Contents/Frameworks/SwiftArrow.framework/Versions/A/SwiftArrow'>', hardenedRuntime='1'>'> are: {
}
2021-02-10 03:04:54 +0000 [MT] Writing entitlements for <IDEDistributionItem: 0x7f8f916e1350; bundleID='io.glimpse.SwiftArrow', path='<DVTFilePath:0x7f8f9164c2a0:'/opt/src/github/parquette/parquette/Parquette.xcarchive/Products/Applications/Parquette.app/Contents/Frameworks/SwiftArrow.framework/Versions/A'>', codeSigningInfo='<_DVTCodeSigningInformation_Path: 0x7f8f915e1890; isSigned='1', isAdHocSigned='0', signingCertificate='<DVTSigningCertificate: 0x7f8f915fb1f0; name='Developer ID Application: Glimpse I/O, Inc (2HFBY6N8ZN)', hash='9C2B996CF5BAC834CADF7BB5DC4CAE26A3862108', serialNumber='<DVTSigningCertificateSerialNumber: 0x7f8f915fe040>', certificateKinds='(
    "1.2.840.113635.100.6.1.13"
), issueDate='2020-02-19 19:47:12 +0000''>', entitlements='(null)', teamID='2HFBY6N8ZN', identifier='io.glimpse.SwiftArrow', executablePath='<DVTFilePath:0x7f8f91652570:'/opt/src/github/parquette/parquette/Parquette.xcarchive/Products/Applications/Parquette.app/Contents/Frameworks/SwiftArrow.framework/Versions/A/SwiftArrow'>', hardenedRuntime='1'>'> to: /var/folders/f8/91ygcnx16fb5yldgcmns99q00000gn/T/XcodeDistPipeline.~~~gl5r9N/entitlements~~~HhUABG
2021-02-10 03:04:54 +0000 [MT] Running /usr/bin/codesign '-vvv' '--force' '--sign' '9C2B996CF5BAC834CADF7BB5DC4CAE26A3862108' '--entitlements' '/var/folders/f8/91ygcnx16fb5yldgcmns99q00000gn/T/XcodeDistPipeline.~~~gl5r9N/entitlements~~~HhUABG' '--preserve-metadata=identifier,flags,runtime' '--requirements' '=designated => anchor apple generic  and identifier "$self.identifier" and ((cert leaf[field.1.2.840.113635.100.6.1.9] exists) or ( certificate 1[field.1.2.840.113635.100.6.2.6] exists and certificate leaf[field.1.2.840.113635.100.6.1.13] exists  and certificate leaf[subject.OU] = "2HFBY6N8ZN" ))' '/var/folders/f8/91ygcnx16fb5yldgcmns99q00000gn/T/XcodeDistPipeline.~~~gl5r9N/Root/Applications/Parquette.app/Contents/Frameworks/SwiftArrow.framework/Versions/A'
2021-02-10 03:04:54 +0000  /var/folders/f8/91ygcnx16fb5yldgcmns99q00000gn/T/XcodeDistPipeline.~~~gl5r9N/Root/Applications/Parquette.app/Contents/Frameworks/SwiftArrow.framework/Versions/A: replacing existing signature
2021-02-10 03:04:55 +0000  /var/folders/f8/91ygcnx16fb5yldgcmns99q00000gn/T/XcodeDistPipeline.~~~gl5r9N/Root/Applications/Parquette.app/Contents/Frameworks/SwiftArrow.framework/Versions/A: signed bundle with Mach-O universal (x86_64 arm64) [io.glimpse.SwiftArrow]
2021-02-10 03:04:55 +0000 [MT] /usr/bin/codesign exited with 0
2021-02-10 03:04:55 +0000 [MT] Entitlements for <IDEDistributionItem: 0x7f8f915d7260; bundleID='net.parquette.Parquette', path='<DVTFilePath:0x7f8f8e6d6800:'/opt/src/github/parquette/parquette/Parquette.xcarchive/Products/Applications/Parquette.app'>', codeSigningInfo='<_DVTCodeSigningInformation_Path: 0x7f8f915e2720; isSigned='1', isAdHocSigned='0', signingCertificate='<DVTSigningCertificate: 0x7f8f915f9c10; name='Developer ID Application: Glimpse I/O, Inc (2HFBY6N8ZN)', hash='9C2B996CF5BAC834CADF7BB5DC4CAE26A3862108', serialNumber='<DVTSigningCertificateSerialNumber: 0x7f8f9141ca80>', certificateKinds='(
    "1.2.840.113635.100.6.1.13"
), issueDate='2020-02-19 19:47:12 +0000''>', entitlements='{
    "com.apple.security.automation.apple-events" = 1;
    "com.apple.security.cs.allow-dyld-environment-variables" = 1;
    "com.apple.security.cs.allow-jit" = 1;
    "com.apple.security.cs.allow-unsigned-executable-memory" = 1;
    "com.apple.security.cs.debugger" = 1;
    "com.apple.security.cs.disable-executable-page-protection" = 1;
    "com.apple.security.cs.disable-library-validation" = 1;
    "com.apple.security.device.audio-input" = 1;
    "com.apple.security.device.camera" = 1;
    "com.apple.security.personal-information.addressbook" = 1;
    "com.apple.security.personal-information.calendars" = 1;
    "com.apple.security.personal-information.location" = 1;
    "com.apple.security.personal-information.photos-library" = 1;
}', teamID='2HFBY6N8ZN', identifier='net.parquette.Parquette', executablePath='<DVTFilePath:0x7f8f91644750:'/opt/src/github/parquette/parquette/Parquette.xcarchive/Products/Applications/Parquette.app/Contents/MacOS/Parquette'>', hardenedRuntime='1'>'>: {
    "com.apple.security.automation.apple-events" = 1;
    "com.apple.security.cs.allow-dyld-environment-variables" = 1;
    "com.apple.security.cs.allow-jit" = 1;
    "com.apple.security.cs.allow-unsigned-executable-memory" = 1;
    "com.apple.security.cs.debugger" = 1;
    "com.apple.security.cs.disable-executable-page-protection" = 1;
    "com.apple.security.cs.disable-library-validation" = 1;
    "com.apple.security.device.audio-input" = 1;
    "com.apple.security.device.camera" = 1;
    "com.apple.security.personal-information.addressbook" = 1;
    "com.apple.security.personal-information.calendars" = 1;
    "com.apple.security.personal-information.location" = 1;
    "com.apple.security.personal-information.photos-library" = 1;
}
2021-02-10 03:04:55 +0000 [MT] Entitlements for <IDEDistributionItem: 0x7f8f915d7260; bundleID='net.parquette.Parquette', path='<DVTFilePath:0x7f8f8e6d6800:'/opt/src/github/parquette/parquette/Parquette.xcarchive/Products/Applications/Parquette.app'>', codeSigningInfo='<_DVTCodeSigningInformation_Path: 0x7f8f915e2720; isSigned='1', isAdHocSigned='0', signingCertificate='<DVTSigningCertificate: 0x7f8f915fe530; name='Developer ID Application: Glimpse I/O, Inc (2HFBY6N8ZN)', hash='9C2B996CF5BAC834CADF7BB5DC4CAE26A3862108', serialNumber='<DVTSigningCertificateSerialNumber: 0x7f8f915ff820>', certificateKinds='(
    "1.2.840.113635.100.6.1.13"
), issueDate='2020-02-19 19:47:12 +0000''>', entitlements='{
    "com.apple.security.automation.apple-events" = 1;
    "com.apple.security.cs.allow-dyld-environment-variables" = 1;
    "com.apple.security.cs.allow-jit" = 1;
    "com.apple.security.cs.allow-unsigned-executable-memory" = 1;
    "com.apple.security.cs.debugger" = 1;
    "com.apple.security.cs.disable-executable-page-protection" = 1;
    "com.apple.security.cs.disable-library-validation" = 1;
    "com.apple.security.device.audio-input" = 1;
    "com.apple.security.device.camera" = 1;
    "com.apple.security.personal-information.addressbook" = 1;
    "com.apple.security.personal-information.calendars" = 1;
    "com.apple.security.personal-information.location" = 1;
    "com.apple.security.personal-information.photos-library" = 1;
}', teamID='2HFBY6N8ZN', identifier='net.parquette.Parquette', executablePath='<DVTFilePath:0x7f8f91644750:'/opt/src/github/parquette/parquette/Parquette.xcarchive/Products/Applications/Parquette.app/Contents/MacOS/Parquette'>', hardenedRuntime='1'>'> are: {
    "com.apple.security.automation.apple-events" = 1;
    "com.apple.security.cs.allow-dyld-environment-variables" = 1;
    "com.apple.security.cs.allow-jit" = 1;
    "com.apple.security.cs.allow-unsigned-executable-memory" = 1;
    "com.apple.security.cs.debugger" = 1;
    "com.apple.security.cs.disable-executable-page-protection" = 1;
    "com.apple.security.cs.disable-library-validation" = 1;
    "com.apple.security.device.audio-input" = 1;
    "com.apple.security.device.camera" = 1;
    "com.apple.security.personal-information.addressbook" = 1;
    "com.apple.security.personal-information.calendars" = 1;
    "com.apple.security.personal-information.location" = 1;
    "com.apple.security.personal-information.photos-library" = 1;
}
2021-02-10 03:04:55 +0000 [MT] Writing entitlements for <IDEDistributionItem: 0x7f8f915d7260; bundleID='net.parquette.Parquette', path='<DVTFilePath:0x7f8f8e6d6800:'/opt/src/github/parquette/parquette/Parquette.xcarchive/Products/Applications/Parquette.app'>', codeSigningInfo='<_DVTCodeSigningInformation_Path: 0x7f8f915e2720; isSigned='1', isAdHocSigned='0', signingCertificate='<DVTSigningCertificate: 0x7f8f9440b8f0; name='Developer ID Application: Glimpse I/O, Inc (2HFBY6N8ZN)', hash='9C2B996CF5BAC834CADF7BB5DC4CAE26A3862108', serialNumber='<DVTSigningCertificateSerialNumber: 0x7f8f9440e460>', certificateKinds='(
    "1.2.840.113635.100.6.1.13"
), issueDate='2020-02-19 19:47:12 +0000''>', entitlements='{
    "com.apple.security.automation.apple-events" = 1;
    "com.apple.security.cs.allow-dyld-environment-variables" = 1;
    "com.apple.security.cs.allow-jit" = 1;
    "com.apple.security.cs.allow-unsigned-executable-memory" = 1;
    "com.apple.security.cs.debugger" = 1;
    "com.apple.security.cs.disable-executable-page-protection" = 1;
    "com.apple.security.cs.disable-library-validation" = 1;
    "com.apple.security.device.audio-input" = 1;
    "com.apple.security.device.camera" = 1;
    "com.apple.security.personal-information.addressbook" = 1;
    "com.apple.security.personal-information.calendars" = 1;
    "com.apple.security.personal-information.location" = 1;
    "com.apple.security.personal-information.photos-library" = 1;
}', teamID='2HFBY6N8ZN', identifier='net.parquette.Parquette', executablePath='<DVTFilePath:0x7f8f91644750:'/opt/src/github/parquette/parquette/Parquette.xcarchive/Products/Applications/Parquette.app/Contents/MacOS/Parquette'>', hardenedRuntime='1'>'> to: /var/folders/f8/91ygcnx16fb5yldgcmns99q00000gn/T/XcodeDistPipeline.~~~gl5r9N/entitlements~~~UEPB0u
2021-02-10 03:04:55 +0000 [MT] Running /usr/bin/codesign '-vvv' '--force' '--sign' '9C2B996CF5BAC834CADF7BB5DC4CAE26A3862108' '--entitlements' '/var/folders/f8/91ygcnx16fb5yldgcmns99q00000gn/T/XcodeDistPipeline.~~~gl5r9N/entitlements~~~UEPB0u' '--preserve-metadata=identifier,flags,runtime' '--requirements' '=designated => anchor apple generic  and identifier "$self.identifier" and ((cert leaf[field.1.2.840.113635.100.6.1.9] exists) or ( certificate 1[field.1.2.840.113635.100.6.2.6] exists and certificate leaf[field.1.2.840.113635.100.6.1.13] exists  and certificate leaf[subject.OU] = "2HFBY6N8ZN" ))' '/var/folders/f8/91ygcnx16fb5yldgcmns99q00000gn/T/XcodeDistPipeline.~~~gl5r9N/Root/Applications/Parquette.app'
2021-02-10 03:04:55 +0000  /var/folders/f8/91ygcnx16fb5yldgcmns99q00000gn/T/XcodeDistPipeline.~~~gl5r9N/Root/Applications/Parquette.app: replacing existing signature
2021-02-10 03:04:56 +0000  /var/folders/f8/91ygcnx16fb5yldgcmns99q00000gn/T/XcodeDistPipeline.~~~gl5r9N/Root/Applications/Parquette.app: signed app bundle with Mach-O universal (x86_64 arm64) [net.parquette.Parquette]
2021-02-10 03:04:56 +0000 [MT] /usr/bin/codesign exited with 0
2021-02-10 03:04:56 +0000 [MT] Processing step: IDEDistributionZipODRItemStep
2021-02-10 03:04:56 +0000 [MT] Skipping step: IDEDistributionZipODRItemStep because it said so
2021-02-10 03:04:56 +0000 [MT] Skipping step: IDEDistributionZipODRItemStep because it said so
2021-02-10 03:04:56 +0000 [MT] Processing step: IDEDistributionSkipPackagingStep
2021-02-10 03:04:56 +0000 [MT] Processing step: IDEDistributionAppStoreInformationStep
2021-02-10 03:04:56 +0000 [MT] Skipping step: IDEDistributionAppStoreInformationStep because it said so
2021-02-10 03:04:56 +0000 [MT] Processing step: IDEDistributionGenerateProcessedDistributionItems
2021-02-10 03:04:56 +0000 [MT] IDEDistributionItem init <DVTFilePath:0x7f8f915ee480:'/var/folders/f8/91ygcnx16fb5yldgcmns99q00000gn/T/XcodeDistPipeline.~~~gl5r9N/Root/Applications/Parquette.app/Contents/Frameworks/SwiftArrow.framework/Versions/A'>
2021-02-10 03:04:56 +0000 [MT] IDEDistributionItem init <DVTFilePath:0x7f8f915e4610:'/var/folders/f8/91ygcnx16fb5yldgcmns99q00000gn/T/XcodeDistPipeline.~~~gl5r9N/Root/Applications/Parquette.app'>
2021-02-10 03:04:56 +0000 [MT] [OPTIONAL] Didn't find embedded provisioning profile for <DVTFilePath:0x7f8f915e4610:'/var/folders/f8/91ygcnx16fb5yldgcmns99q00000gn/T/XcodeDistPipeline.~~~gl5r9N/Root/Applications/Parquette.app'>: Error Domain=NSCocoaErrorDomain Code=4 "No file at <DVTFilePath:0x7f8f8e7c6830:'/var/folders/f8/91ygcnx16fb5yldgcmns99q00000gn/T/XcodeDistPipeline.~~~gl5r9N/Root/Applications/Parquette.app/Contents/embedded.provisionprofile'>" UserInfo={NSLocalizedDescription=No file at <DVTFilePath:0x7f8f8e7c6830:'/var/folders/f8/91ygcnx16fb5yldgcmns99q00000gn/T/XcodeDistPipeline.~~~gl5r9N/Root/Applications/Parquette.app/Contents/embedded.provisionprofile'>}
2021-02-10 03:04:56 +0000 [MT] Processing step: IDEDistributionCreateManifestStep
2021-02-10 03:04:56 +0000 [MT] Skipping step: IDEDistributionCreateManifestStep because it said so
